{"C:\\Users\\meena.uppada\\VirtualClasses\\practise\\React\\React-testing\\testing\\src\\math.js": {"path":"C:\\Users\\meena.uppada\\VirtualClasses\\practise\\React\\React-testing\\testing\\src\\math.js","statementMap":{"0":{"start":{"line":3,"column":4},"end":{"line":3,"column":17}},"1":{"start":{"line":6,"column":2},"end":{"line":6,"column":24}}},"fnMap":{"0":{"name":"add","decl":{"start":{"line":2,"column":9},"end":{"line":2,"column":12}},"loc":{"start":{"line":2,"column":19},"end":{"line":4,"column":3}},"line":2}},"branchMap":{},"s":{"0":1,"1":1},"f":{"0":1},"b":{},"_coverageSchema":"1a1c01bbd47fc00a2c39e90264f33305004495a9","hash":"1c7eb24ba646b5f13125e7461abea9793ca44da3"}
,"C:\\Users\\meena.uppada\\VirtualClasses\\practise\\React\\React-testing\\testing\\src\\multiply.js": {"path":"C:\\Users\\meena.uppada\\VirtualClasses\\practise\\React\\React-testing\\testing\\src\\multiply.js","statementMap":{"0":{"start":{"line":2,"column":4},"end":{"line":2,"column":15}},"1":{"start":{"line":4,"column":0},"end":{"line":4,"column":26}}},"fnMap":{"0":{"name":"multiply","decl":{"start":{"line":1,"column":9},"end":{"line":1,"column":17}},"loc":{"start":{"line":1,"column":22},"end":{"line":3,"column":1}},"line":1}},"branchMap":{},"s":{"0":2,"1":1},"f":{"0":2},"b":{},"_coverageSchema":"1a1c01bbd47fc00a2c39e90264f33305004495a9","hash":"fa9c98ecafd8e653579736e665077d73bcc78684"}
}
